# JRE version: OpenJDK Runtime Environment (8.0_242-b01) (build 1.8.0_242-release-1644-b01)
# Java VM: OpenJDK 64-Bit Server VM (25.242-b01 mixed mode windows-amd64 compressed oops)
Heap:
 PSYoungGen      total 256000K, used 35731K [0x00000000e0000000, 0x00000000f0880000, 0x0000000100000000)
  eden space 241152K, 8% used [0x00000000e0000000,0x00000000e14659e0,0x00000000eeb80000)
  from space 14848K, 99% used [0x00000000eeb80000,0x00000000ef9ff330,0x00000000efa00000)
  to   space 10240K, 0% used [0x00000000efe80000,0x00000000efe80000,0x00000000f0880000)
 ParOldGen       total 69632K, used 29376K [0x00000000a0000000, 0x00000000a4400000, 0x00000000e0000000)
  object space 69632K, 42% used [0x00000000a0000000,0x00000000a1cb0110,0x00000000a4400000)
 Metaspace       used 56258K, capacity 58202K, committed 58416K, reserved 1099776K
  class space    used 7717K, capacity 8178K, committed 8240K, reserved 1048576K
GC Heap History (10 events):
Event: 7.039 GC heap before
{Heap before GC invocations=7 (full 1):
 PSYoungGen      total 144896K, used 5172K [0x00000000e0000000, 0x00000000e9a00000, 0x0000000100000000)
  eden space 133120K, 0% used [0x00000000e0000000,0x00000000e0000000,0x00000000e8200000)
  from space 11776K, 43% used [0x00000000e8e80000,0x00000000e938d060,0x00000000e9a00000)
  to   space 12288K, 0% used [0x00000000e8200000,0x00000000e8200000,0x00000000e8e00000)
 ParOldGen       total 87552K, used 10501K [0x00000000a0000000, 0x00000000a5580000, 0x00000000e0000000)
  object space 87552K, 11% used [0x00000000a0000000,0x00000000a0a41468,0x00000000a5580000)
 Metaspace       used 20632K, capacity 21256K, committed 21296K, reserved 1067008K
  class space    used 2896K, capacity 3116K, committed 3120K, reserved 1048576K
Event: 7.115 GC heap after
Heap after GC invocations=7 (full 1):
 PSYoungGen      total 144896K, used 0K [0x00000000e0000000, 0x00000000e9a00000, 0x0000000100000000)
  eden space 133120K, 0% used [0x00000000e0000000,0x00000000e0000000,0x00000000e8200000)
  from space 11776K, 0% used [0x00000000e8e80000,0x00000000e8e80000,0x00000000e9a00000)
  to   space 12288K, 0% used [0x00000000e8200000,0x00000000e8200000,0x00000000e8e00000)
 ParOldGen       total 51200K, used 7052K [0x00000000a0000000, 0x00000000a3200000, 0x00000000e0000000)
  object space 51200K, 13% used [0x00000000a0000000,0x00000000a06e31b8,0x00000000a3200000)
 Metaspace       used 20632K, capacity 21256K, committed 21296K, reserved 1067008K
  class space    used 2896K, capacity 3116K, committed 3120K, reserved 1048576K
}
Event: 11.491 GC heap before
{Heap before GC invocations=8 (full 1):
 PSYoungGen      total 144896K, used 133120K [0x00000000e0000000, 0x00000000e9a00000, 0x0000000100000000)
  eden space 133120K, 100% used [0x00000000e0000000,0x00000000e8200000,0x00000000e8200000)
  from space 11776K, 0% used [0x00000000e8e80000,0x00000000e8e80000,0x00000000e9a00000)
  to   space 12288K, 0% used [0x00000000e8200000,0x00000000e8200000,0x00000000e8e00000)
 ParOldGen       total 51200K, used 7052K [0x00000000a0000000, 0x00000000a3200000, 0x00000000e0000000)
  object space 51200K, 13% used [0x00000000a0000000,0x00000000a06e31b8,0x00000000a3200000)
 Metaspace       used 32462K, capacity 33244K, committed 33456K, reserved 1077248K
  class space    used 4435K, capacity 4673K, committed 4784K, reserved 1048576K
Event: 11.538 GC heap after
Heap after GC invocations=8 (full 1):
 PSYoungGen      total 145408K, used 12282K [0x00000000e0000000, 0x00000000f0d00000, 0x0000000100000000)
  eden space 133120K, 0% used [0x00000000e0000000,0x00000000e0000000,0x00000000e8200000)
  from space 12288K, 99% used [0x00000000e8200000,0x00000000e8dfea00,0x00000000e8e00000)
  to   space 14848K, 0% used [0x00000000efe80000,0x00000000efe80000,0x00000000f0d00000)
 ParOldGen       total 51200K, used 8223K [0x00000000a0000000, 0x00000000a3200000, 0x00000000e0000000)
  object space 51200K, 16% used [0x00000000a0000000,0x00000000a0807e20,0x00000000a3200000)
 Metaspace       used 32462K, capacity 33244K, committed 33456K, reserved 1077248K
  class space    used 4435K, capacity 4673K, committed 4784K, reserved 1048576K
}
Event: 13.680 GC heap before
{Heap before GC invocations=9 (full 1):
 PSYoungGen      total 145408K, used 60326K [0x00000000e0000000, 0x00000000f0d00000, 0x0000000100000000)
  eden space 133120K, 36% used [0x00000000e0000000,0x00000000e2eeaf50,0x00000000e8200000)
  from space 12288K, 99% used [0x00000000e8200000,0x00000000e8dfea00,0x00000000e8e00000)
  to   space 14848K, 0% used [0x00000000efe80000,0x00000000efe80000,0x00000000f0d00000)
 ParOldGen       total 51200K, used 8223K [0x00000000a0000000, 0x00000000a3200000, 0x00000000e0000000)
  object space 51200K, 16% used [0x00000000a0000000,0x00000000a0807e20,0x00000000a3200000)
 Metaspace       used 34618K, capacity 35418K, committed 35496K, reserved 1079296K
  class space    used 4744K, capacity 4972K, committed 5040K, reserved 1048576K
Event: 13.707 GC heap after
Heap after GC invocations=9 (full 1):
 PSYoungGen      total 251392K, used 9095K [0x00000000e0000000, 0x00000000f0880000, 0x0000000100000000)
  eden space 241152K, 0% used [0x00000000e0000000,0x00000000e0000000,0x00000000eeb80000)
  from space 10240K, 88% used [0x00000000efe80000,0x00000000f0761c38,0x00000000f0880000)
  to   space 14848K, 0% used [0x00000000eeb80000,0x00000000eeb80000,0x00000000efa00000)
 ParOldGen       total 51200K, used 8231K [0x00000000a0000000, 0x00000000a3200000, 0x00000000e0000000)
  object space 51200K, 16% used [0x00000000a0000000,0x00000000a0809e20,0x00000000a3200000)
 Metaspace       used 34618K, capacity 35418K, committed 35496K, reserved 1079296K
  class space    used 4744K, capacity 4972K, committed 5040K, reserved 1048576K
}
Event: 13.707 GC heap before
{Heap before GC invocations=10 (full 2):
 PSYoungGen      total 251392K, used 9095K [0x00000000e0000000, 0x00000000f0880000, 0x0000000100000000)
  eden space 241152K, 0% used [0x00000000e0000000,0x00000000e0000000,0x00000000eeb80000)
  from space 10240K, 88% used [0x00000000efe80000,0x00000000f0761c38,0x00000000f0880000)
  to   space 14848K, 0% used [0x00000000eeb80000,0x00000000eeb80000,0x00000000efa00000)
 ParOldGen       total 51200K, used 8231K [0x00000000a0000000, 0x00000000a3200000, 0x00000000e0000000)
  object space 51200K, 16% used [0x00000000a0000000,0x00000000a0809e20,0x00000000a3200000)
 Metaspace       used 34618K, capacity 35418K, committed 35496K, reserved 1079296K
  class space    used 4744K, capacity 4972K, committed 5040K, reserved 1048576K
Event: 13.857 GC heap after
Heap after GC invocations=10 (full 2):
 PSYoungGen      total 251392K, used 0K [0x00000000e0000000, 0x00000000f0880000, 0x0000000100000000)
  eden space 241152K, 0% used [0x00000000e0000000,0x00000000e0000000,0x00000000eeb80000)
  from space 10240K, 0% used [0x00000000efe80000,0x00000000efe80000,0x00000000f0880000)
  to   space 14848K, 0% used [0x00000000eeb80000,0x00000000eeb80000,0x00000000efa00000)
 ParOldGen       total 69632K, used 15721K [0x00000000a0000000, 0x00000000a4400000, 0x00000000e0000000)
  object space 69632K, 22% used [0x00000000a0000000,0x00000000a0f5a5a8,0x00000000a4400000)
 Metaspace       used 34618K, capacity 35418K, committed 35496K, reserved 1079296K
  class space    used 4744K, capacity 4972K, committed 5040K, reserved 1048576K
}
Event: 22.516 GC heap before
{Heap before GC invocations=11 (full 2):
 PSYoungGen      total 251392K, used 241152K [0x00000000e0000000, 0x00000000f0880000, 0x0000000100000000)
  eden space 241152K, 100% used [0x00000000e0000000,0x00000000eeb80000,0x00000000eeb80000)
  from space 10240K, 0% used [0x00000000efe80000,0x00000000efe80000,0x00000000f0880000)
  to   space 14848K, 0% used [0x00000000eeb80000,0x00000000eeb80000,0x00000000efa00000)
 ParOldGen       total 69632K, used 15721K [0x00000000a0000000, 0x00000000a4400000, 0x00000000e0000000)
  object space 69632K, 22% used [0x00000000a0000000,0x00000000a0f5a5a8,0x00000000a4400000)
 Metaspace       used 54502K, capacity 56464K, committed 56624K, reserved 1097728K
  class space    used 7426K, capacity 7883K, committed 7984K, reserved 1048576K
Event: 22.602 GC heap after
Heap after GC invocations=11 (full 2):
 PSYoungGen      total 256000K, used 14844K [0x00000000e0000000, 0x00000000f0880000, 0x0000000100000000)
  eden space 241152K, 0% used [0x00000000e0000000,0x00000000e0000000,0x00000000eeb80000)
  from space 14848K, 99% used [0x00000000eeb80000,0x00000000ef9ff330,0x00000000efa00000)
  to   space 10240K, 0% used [0x00000000efe80000,0x00000000efe80000,0x00000000f0880000)
 ParOldGen       total 69632K, used 29376K [0x00000000a0000000, 0x00000000a4400000, 0x00000000e0000000)
  object space 69632K, 42% used [0x00000000a0000000,0x00000000a1cb0110,0x00000000a4400000)
 Metaspace       used 54502K, capacity 56464K, committed 56624K, reserved 1097728K
  class space    used 7426K, capacity 7883K, committed 7984K, reserved 1048576K
}

